<?xml version="1.0" encoding="UTF-8"?>
<testng-results skipped="0" failed="0" ignored="0" total="1" passed="1">
  <reporter-output>
  </reporter-output>
  <suite name="Playwaze parallel execution" duration-ms="39171" started-at="2021-09-02T16:42:34 IST" finished-at="2021-09-02T16:43:13 IST">
    <groups>
      <group name="cucumbers">
        <method signature="WebTestrunner.feature(cucumber.api.testng.CucumberFeatureWrapper)[pri:0, instance:com.playwaze.testrunner.WebTestrunner@59e5ddf]" name="feature" class="com.playwaze.testrunner.WebTestrunner"/>
      </group> <!-- cucumbers -->
    </groups>
    <test name="test1" duration-ms="39171" started-at="2021-09-02T16:42:34 IST" finished-at="2021-09-02T16:43:13 IST">
      <class name="com.playwaze.testrunner.WebTestrunner">
        <test-method status="PASS" signature="RunTestcase(java.lang.String)[pri:0, instance:com.playwaze.testrunner.WebTestrunner@59e5ddf]" name="RunTestcase" is-config="true" duration-ms="2021" started-at="2021-09-02T16:42:34 IST" finished-at="2021-09-02T16:42:36 IST">
          <params>
            <param index="0">
              <value>
                <![CDATA[Chrome]]>
              </value>
            </param>
          </params>
          <reporter-output>
          </reporter-output>
        </test-method> <!-- RunTestcase -->
        <test-method status="PASS" signature="feature(cucumber.api.testng.CucumberFeatureWrapper)[pri:0, instance:com.playwaze.testrunner.WebTestrunner@59e5ddf]" name="feature" duration-ms="35777" started-at="2021-09-02T16:42:36 IST" description="Runs Cucumber Features" data-provider="features" finished-at="2021-09-02T16:43:12 IST">
          <params>
            <param index="0">
              <value>
                <![CDATA[Community Administrator  Register  into the system]]>
              </value>
            </param>
          </params>
          <reporter-output>
          </reporter-output>
        </test-method> <!-- feature -->
        <test-method status="PASS" signature="tearDownClass()[pri:0, instance:com.playwaze.testrunner.WebTestrunner@59e5ddf]" name="tearDownClass" is-config="true" duration-ms="1268" started-at="2021-09-02T16:43:12 IST" finished-at="2021-09-02T16:43:13 IST">
          <reporter-output>
          </reporter-output>
        </test-method> <!-- tearDownClass -->
      </class> <!-- com.playwaze.testrunner.WebTestrunner -->
    </test> <!-- test1 -->
  </suite> <!-- Playwaze parallel execution -->
</testng-results>
